#
# A fatal error has been detected by the Java Runtime Environment:
#
#  EXCEPTION_ACCESS_VIOLATION (0xc0000005) at pc=0x6e602e16, pid=5740, tid=0x00002984
#
# JRE version: Java(TM) SE Runtime Environment (8.0_191-b12) (build 1.8.0_191-b12)
# Java VM: Java HotSpot(TM) Client VM (25.191-b12 mixed mode windows-x86 )
# Problematic frame:
# C  0x6e602e16
#
# Failed to write core dump. Minidumps are not enabled by default on client versions of Windows
#
# If you would like to submit a bug report, please visit:
#   http://bugreport.java.com/bugreport/crash.jsp
# The crash happened outside the Java Virtual Machine in native code.
# See problematic frame for where to report the bug.
#

---------------  T H R E A D  ---------------

Current thread (0x2b9e5400):  JavaThread "AWT-EventQueue-0" [_thread_in_native, id=10628, stack(0x28e50000,0x28ea0000)]

siginfo: ExceptionCode=0xc0000005, reading address 0x00000004

Registers:
EAX=0x00000000, EBX=0x28e7e20c, ECX=0x00000000, EDX=0x769a3050
ESP=0x28e7e044, EBP=0x28e7e04c, ESI=0x28e7e098, EDI=0x00000000
EIP=0x6e602e16, EFLAGS=0x00010246

Top of Stack: (sp=0x28e7e044)
0x28e7e044:   40008380 00000000 28e7e064 6e5ff579
0x28e7e054:   28e7e06c 40008380 28e7e1e0 28e7e20c
0x28e7e064:   28e7e084 6ecb38ec 00000000 28e7e1e0
0x28e7e074:   706ea828 28e7e1f4 6fead7a8 00000000
0x28e7e084:   28e7e104 6ecb1142 28e7e098 28e7e528
0x28e7e094:   2a13ccd8 00000000 00000000 00000000
0x28e7e0a4:   00000000 00000000 00000000 ffffffff
0x28e7e0b4:   000000fe 40008380 00000000 00000000 

Instructions: (pc=0x6e602e16)
0x6e602df6:   cf e8 84 00 00 00 5f 5e 5d c2 04 00 cc cc cc cc
0x6e602e06:   cc cc 66 90 55 8b ec 51 57 8b f9 33 c0 89 45 fc
0x6e602e16:   83 7f 04 02 74 57 53 56 ff 77 10 ff 75 08 ff 57
0x6e602e26:   08 8b 4f 18 49 23 c8 8b d9 51 ff 75 08 c1 e3 04 


Register to memory mapping:

EAX=0x00000000 is an unknown value
EBX=0x28e7e20c is pointing into the stack for thread: 0x2b9e5400
ECX=0x00000000 is an unknown value
EDX=0x769a3050 is an unknown value
ESP=0x28e7e044 is pointing into the stack for thread: 0x2b9e5400
EBP=0x28e7e04c is pointing into the stack for thread: 0x2b9e5400
ESI=0x28e7e098 is pointing into the stack for thread: 0x2b9e5400
EDI=0x00000000 is an unknown value


Stack: [0x28e50000,0x28ea0000],  sp=0x28e7e044,  free space=184k
Native frames: (J=compiled Java code, j=interpreted, Vv=VM code, C=native code)
C  0x6e602e16
C  0x6e5ff579
C  0x6ecb38ec
C  0x6ecb1142
C  0x6ecb0c03
C  0x6ecb1870
C  0x6ec9b027
C  0x6fa795c6
C  0x6fa7a3a8
C  0x6fa3a499
C  0x6ed8b3fa
C  0x6f89d2e7
C  0x6f89cbdb
C  0x6ec5ae70
C  0x6ec5722a
C  0x6ec5a254
C  [opengl32.dll+0x2e7a4]
C  [opengl32.dll+0x2e9a5]
C  [opengl32.dll+0x46db2]
C  [opengl32.dll+0x47bbe]
C  [gdi32full.dll+0x89214]
C  [awt.dll+0xaab54]
j  sun.awt.Win32GraphicsDevice.getMaxConfigsImpl(I)I+0
j  sun.awt.Win32GraphicsDevice.getMaxConfigs(I)I+10
j  sun.awt.Win32GraphicsDevice.getConfigurations()[Ljava/awt/GraphicsConfiguration;+69
j  org.fife.ui.rsyntaxtextarea.focusabletip.TipUtil.getScreenBoundsForPoint(II)Ljava/awt/Rectangle;+23
j  org.fife.ui.rtextarea.ClipboardHistoryPopup.setLocation()V+63
j  org.fife.ui.rtextarea.ClipboardHistoryPopup.<init>(Ljava/awt/Window;Lorg/fife/ui/rtextarea/RTextArea;)V+141
j  org.fife.ui.rtextarea.RTextAreaEditorKit$ClipboardHistoryAction.actionPerformedImpl(Ljava/awt/event/ActionEvent;Lorg/fife/ui/rtextarea/RTextArea;)V+11
j  org.fife.ui.rtextarea.RecordableTextAction.actionPerformed(Ljava/awt/event/ActionEvent;)V+91
j  javax.swing.SwingUtilities.notifyAction(Ljavax/swing/Action;Ljavax/swing/KeyStroke;Ljava/awt/event/KeyEvent;Ljava/lang/Object;I)Z+132
J 31528 C1 javax.swing.JComponent.processKeyBinding(Ljavax/swing/KeyStroke;Ljava/awt/event/KeyEvent;IZ)Z (78 bytes) @ 0x036071cc [0x036070b0+0x11c]
J 31570 C1 javax.swing.JComponent.processKeyBindings(Ljava/awt/event/KeyEvent;Z)Z (236 bytes) @ 0x0373dbd0 [0x0373d6e0+0x4f0]
j  javax.swing.JComponent.processKeyEvent(Ljava/awt/event/KeyEvent;)V+51
J 30802 C1 java.awt.Component.processEvent(Ljava/awt/AWTEvent;)V (220 bytes) @ 0x03520e34 [0x03520b00+0x334]
J 30795 C1 java.awt.Container.processEvent(Ljava/awt/AWTEvent;)V (22 bytes) @ 0x03589898 [0x03589820+0x78]
J 14357 C1 java.awt.Component.dispatchEventImpl(Ljava/awt/AWTEvent;)V (921 bytes) @ 0x0373a104 [0x037390e0+0x1024]
J 14223 C1 java.awt.Container.dispatchEventImpl(Ljava/awt/AWTEvent;)V (129 bytes) @ 0x038ae4fc [0x038ae4a0+0x5c]
j  java.awt.Component.dispatchEvent(Ljava/awt/AWTEvent;)V+2
j  java.awt.KeyboardFocusManager.redispatchEvent(Ljava/awt/Component;Ljava/awt/AWTEvent;)V+7
j  java.awt.DefaultKeyboardFocusManager.dispatchKeyEvent(Ljava/awt/event/KeyEvent;)Z+63
J 31569 C1 java.awt.DefaultKeyboardFocusManager.preDispatchKeyEvent(Ljava/awt/event/KeyEvent;)Z (141 bytes) @ 0x0373f360 [0x0373ee80+0x4e0]
j  java.awt.DefaultKeyboardFocusManager.typeAheadAssertions(Ljava/awt/Component;Ljava/awt/AWTEvent;)Z+166
J 27556 C1 java.awt.DefaultKeyboardFocusManager.dispatchEvent(Ljava/awt/AWTEvent;)Z (1640 bytes) @ 0x03596768 [0x035921a0+0x45c8]
J 14357 C1 java.awt.Component.dispatchEventImpl(Ljava/awt/AWTEvent;)V (921 bytes) @ 0x037395fc [0x037390e0+0x51c]
J 14223 C1 java.awt.Container.dispatchEventImpl(Ljava/awt/AWTEvent;)V (129 bytes) @ 0x038ae4fc [0x038ae4a0+0x5c]
J 14575 C1 java.awt.Window.dispatchEventImpl(Ljava/awt/AWTEvent;)V (23 bytes) @ 0x037384c8 [0x037383c0+0x108]
J 2451 C1 java.awt.EventQueue.dispatchEventImpl(Ljava/awt/AWTEvent;Ljava/lang/Object;)V (149 bytes) @ 0x0383a5dc [0x0383a190+0x44c]
J 2448 C1 java.awt.EventQueue$3.run()Ljava/lang/Void; (60 bytes) @ 0x0383991c [0x038398c0+0x5c]
J 2447 C1 java.awt.EventQueue$3.run()Ljava/lang/Object; (5 bytes) @ 0x038396a0 [0x03839680+0x20]
v  ~StubRoutines::call_stub
V  [jvm.dll+0x15c315]
V  [jvm.dll+0x223ece]
V  [jvm.dll+0x15c3ae]
V  [jvm.dll+0x10c35f]
C  [java.dll+0x102f]
J 2704 C1 java.awt.EventQueue$4.run()Ljava/lang/Object; (5 bytes) @ 0x038a99d8 [0x038a9910+0xc8]
v  ~StubRoutines::call_stub
V  [jvm.dll+0x15c315]
V  [jvm.dll+0x223ece]
V  [jvm.dll+0x15c3ae]
V  [jvm.dll+0x10c35f]
C  [java.dll+0x102f]
J 2444 C1 java.awt.EventQueue.dispatchEvent(Ljava/awt/AWTEvent;)V (80 bytes) @ 0x038385dc [0x03838280+0x35c]
J 2453 C1 java.awt.EventDispatchThread.pumpOneEventForFilters(I)V (190 bytes) @ 0x0383b698 [0x0383b2a0+0x3f8]
J 16137% C1 java.awt.EventDispatchThread.pumpEventsForFilter(ILjava/awt/Conditional;Ljava/awt/EventFilter;)V (47 bytes) @ 0x0371c6b0 [0x0371c600+0xb0]
j  java.awt.EventDispatchThread.pumpEventsForHierarchy(ILjava/awt/Conditional;Ljava/awt/Component;)V+11
j  java.awt.EventDispatchThread.pumpEvents(ILjava/awt/Conditional;)V+4
j  java.awt.EventDispatchThread.pumpEvents(Ljava/awt/Conditional;)V+3
j  java.awt.EventDispatchThread.run()V+9
v  ~StubRoutines::call_stub
V  [jvm.dll+0x15c315]
V  [jvm.dll+0x223ece]
V  [jvm.dll+0x15c3ae]
V  [jvm.dll+0x15c536]
V  [jvm.dll+0x15c5a7]
V  [jvm.dll+0x1002ef]
V  [jvm.dll+0x17f550]
V  [jvm.dll+0x17fdca]
V  [jvm.dll+0x1c57a6]
C  [msvcr100.dll+0x5c556]
C  [msvcr100.dll+0x5c600]
C  [KERNEL32.DLL+0x1fa29]
C  [ntdll.dll+0x67a9e]
C  [ntdll.dll+0x67a6e]
C  0x00000000

Java frames: (J=compiled Java code, j=interpreted, Vv=VM code)
j  sun.awt.Win32GraphicsDevice.getMaxConfigsImpl(I)I+0
j  sun.awt.Win32GraphicsDevice.getMaxConfigs(I)I+10
j  sun.awt.Win32GraphicsDevice.getConfigurations()[Ljava/awt/GraphicsConfiguration;+69
j  org.fife.ui.rsyntaxtextarea.focusabletip.TipUtil.getScreenBoundsForPoint(II)Ljava/awt/Rectangle;+23
j  org.fife.ui.rtextarea.ClipboardHistoryPopup.setLocation()V+63
j  org.fife.ui.rtextarea.ClipboardHistoryPopup.<init>(Ljava/awt/Window;Lorg/fife/ui/rtextarea/RTextArea;)V+141
j  org.fife.ui.rtextarea.RTextAreaEditorKit$ClipboardHistoryAction.actionPerformedImpl(Ljava/awt/event/ActionEvent;Lorg/fife/ui/rtextarea/RTextArea;)V+11
j  org.fife.ui.rtextarea.RecordableTextAction.actionPerformed(Ljava/awt/event/ActionEvent;)V+91
j  javax.swing.SwingUtilities.notifyAction(Ljavax/swing/Action;Ljavax/swing/KeyStroke;Ljava/awt/event/KeyEvent;Ljava/lang/Object;I)Z+132
J 31528 C1 javax.swing.JComponent.processKeyBinding(Ljavax/swing/KeyStroke;Ljava/awt/event/KeyEvent;IZ)Z (78 bytes) @ 0x036071cc [0x036070b0+0x11c]
J 31570 C1 javax.swing.JComponent.processKeyBindings(Ljava/awt/event/KeyEvent;Z)Z (236 bytes) @ 0x0373dbd0 [0x0373d6e0+0x4f0]
j  javax.swing.JComponent.processKeyEvent(Ljava/awt/event/KeyEvent;)V+51
J 30802 C1 java.awt.Component.processEvent(Ljava/awt/AWTEvent;)V (220 bytes) @ 0x03520e34 [0x03520b00+0x334]
J 30795 C1 java.awt.Container.processEvent(Ljava/awt/AWTEvent;)V (22 bytes) @ 0x03589898 [0x03589820+0x78]
J 14357 C1 java.awt.Component.dispatchEventImpl(Ljava/awt/AWTEvent;)V (921 bytes) @ 0x0373a104 [0x037390e0+0x1024]
J 14223 C1 java.awt.Container.dispatchEventImpl(Ljava/awt/AWTEvent;)V (129 bytes) @ 0x038ae4fc [0x038ae4a0+0x5c]
j  java.awt.Component.dispatchEvent(Ljava/awt/AWTEvent;)V+2
j  java.awt.KeyboardFocusManager.redispatchEvent(Ljava/awt/Component;Ljava/awt/AWTEvent;)V+7
j  java.awt.DefaultKeyboardFocusManager.dispatchKeyEvent(Ljava/awt/event/KeyEvent;)Z+63
J 31569 C1 java.awt.DefaultKeyboardFocusManager.preDispatchKeyEvent(Ljava/awt/event/KeyEvent;)Z (141 bytes) @ 0x0373f360 [0x0373ee80+0x4e0]
j  java.awt.DefaultKeyboardFocusManager.typeAheadAssertions(Ljava/awt/Component;Ljava/awt/AWTEvent;)Z+166
J 27556 C1 java.awt.DefaultKeyboardFocusManager.dispatchEvent(Ljava/awt/AWTEvent;)Z (1640 bytes) @ 0x03596768 [0x035921a0+0x45c8]
J 14357 C1 java.awt.Component.dispatchEventImpl(Ljava/awt/AWTEvent;)V (921 bytes) @ 0x037395fc [0x037390e0+0x51c]
J 14223 C1 java.awt.Container.dispatchEventImpl(Ljava/awt/AWTEvent;)V (129 bytes) @ 0x038ae4fc [0x038ae4a0+0x5c]
J 14575 C1 java.awt.Window.dispatchEventImpl(Ljava/awt/AWTEvent;)V (23 bytes) @ 0x037384c8 [0x037383c0+0x108]
J 2451 C1 java.awt.EventQueue.dispatchEventImpl(Ljava/awt/AWTEvent;Ljava/lang/Object;)V (149 bytes) @ 0x0383a5dc [0x0383a190+0x44c]
J 2448 C1 java.awt.EventQueue$3.run()Ljava/lang/Void; (60 bytes) @ 0x0383991c [0x038398c0+0x5c]
J 2447 C1 java.awt.EventQueue$3.run()Ljava/lang/Object; (5 bytes) @ 0x038396a0 [0x03839680+0x20]
v  ~StubRoutines::call_stub
J 2328  java.security.AccessController.doPrivileged(Ljava/security/PrivilegedAction;Ljava/security/AccessControlContext;)Ljava/lang/Object; (0 bytes) @ 0x0381d407 [0x0381d3a0+0x67]
J 2704 C1 java.awt.EventQueue$4.run()Ljava/lang/Object; (5 bytes) @ 0x038a99d8 [0x038a9910+0xc8]
v  ~StubRoutines::call_stub
J 2328  java.security.AccessController.doPrivileged(Ljava/security/PrivilegedAction;Ljava/security/AccessControlContext;)Ljava/lang/Object; (0 bytes) @ 0x0381d407 [0x0381d3a0+0x67]
J 2444 C1 java.awt.EventQueue.dispatchEvent(Ljava/awt/AWTEvent;)V (80 bytes) @ 0x038385dc [0x03838280+0x35c]
J 2453 C1 java.awt.EventDispatchThread.pumpOneEventForFilters(I)V (190 bytes) @ 0x0383b698 [0x0383b2a0+0x3f8]
J 16137% C1 java.awt.EventDispatchThread.pumpEventsForFilter(ILjava/awt/Conditional;Ljava/awt/EventFilter;)V (47 bytes) @ 0x0371c6b0 [0x0371c600+0xb0]
j  java.awt.EventDispatchThread.pumpEventsForHierarchy(ILjava/awt/Conditional;Ljava/awt/Component;)V+11
j  java.awt.EventDispatchThread.pumpEvents(ILjava/awt/Conditional;)V+4
j  java.awt.EventDispatchThread.pumpEvents(Ljava/awt/Conditional;)V+3
j  java.awt.EventDispatchThread.run()V+9
v  ~StubRoutines::call_stub

---------------  P R O C E S S  ---------------

Java Threads: ( => current thread )
  0x27cdec00 JavaThread "EventThread COM4" [_thread_in_native, id=6688, stack(0x02fa0000,0x02ff0000)]
  0x27cde800 JavaThread "JmDNS(DESKTOP-0NCV8EU.local.).State.Timer" [_thread_blocked, id=5596, stack(0x2a9a0000,0x2a9f0000)]
  0x27cdf400 JavaThread "JmDNS(DESKTOP-0NCV8EU.local.).Timer" daemon [_thread_blocked, id=4896, stack(0x29560000,0x295b0000)]
  0x27cdcc00 JavaThread "SocketListener(DESKTOP-0NCV8EU.local.)" daemon [_thread_in_native, id=5952, stack(0x264c0000,0x26510000)]
  0x27cdd400 JavaThread "Swing-Shell" daemon [_thread_blocked, id=12568, stack(0x26550000,0x265a0000)]
  0x27cda000 JavaThread "DestroyJavaVM" [_thread_blocked, id=5712, stack(0x03040000,0x03090000)]
  0x27cdf800 JavaThread "TimerQueue" daemon [_thread_blocked, id=1592, stack(0x29420000,0x29470000)]
=>0x2b9e5400 JavaThread "AWT-EventQueue-0" [_thread_in_native, id=10628, stack(0x28e50000,0x28ea0000)]
  0x2b9e6000 JavaThread "AWT-Shutdown" [_thread_blocked, id=5716, stack(0x28dc0000,0x28e10000)]
  0x2b9e5c00 JavaThread "Batik CleanerThread" daemon [_thread_blocked, id=2024, stack(0x27790000,0x277e0000)]
  0x26e55800 JavaThread "Multihomed mDNS.Timer" daemon [_thread_blocked, id=5612, stack(0x033c0000,0x03410000)]
  0x2b674800 JavaThread "cc.arduino.packages.discoverers.serial.SerialDiscovery" [_thread_blocked, id=10364, stack(0x2c440000,0x2c490000)]
  0x2700b800 JavaThread "AWT-Windows" daemon [_thread_in_native, id=4396, stack(0x274f0000,0x27540000)]
  0x27009800 JavaThread "Java2D Disposer" daemon [_thread_blocked, id=10452, stack(0x273d0000,0x27420000)]
  0x25dd7000 JavaThread "Service Thread" daemon [_thread_blocked, id=9360, stack(0x26c70000,0x26cc0000)]
  0x25ddd000 JavaThread "C1 CompilerThread0" daemon [_thread_blocked, id=7116, stack(0x26be0000,0x26c30000)]
  0x25ddb000 JavaThread "Attach Listener" daemon [_thread_blocked, id=8516, stack(0x26b50000,0x26ba0000)]
  0x25dd9000 JavaThread "Signal Dispatcher" daemon [_thread_blocked, id=4168, stack(0x26ac0000,0x26b10000)]
  0x25dbc400 JavaThread "Finalizer" daemon [_thread_blocked, id=10728, stack(0x26940000,0x26990000)]
  0x25db6800 JavaThread "Reference Handler" daemon [_thread_blocked, id=10976, stack(0x268b0000,0x26900000)]

Other Threads:
  0x25da0c00 VMThread [stack: 0x25fa0000,0x25ff0000] [id=11108]
  0x25de4c00 WatcherThread [stack: 0x26d00000,0x26d50000] [id=2744]

VM state:not at safepoint (normal execution)

VM Mutex/Monitor currently owned by a thread: None

Heap:
 def new generation   total 129216K, used 109766K [0x05600000, 0x0e230000, 0x100a0000)
  eden space 114880K,  91% used [0x05600000, 0x0bcf26e0, 0x0c630000)
  from space 14336K,  30% used [0x0d430000, 0x0d86f470, 0x0e230000)
  to   space 14336K,   0% used [0x0c630000, 0x0c630000, 0x0d430000)
 tenured generation   total 286960K, used 172174K [0x100a0000, 0x218dc000, 0x25600000)
   the space 286960K,  59% used [0x100a0000, 0x1a8c3970, 0x1a8c3a00, 0x218dc000)
 Metaspace       used 26752K, capacity 27348K, committed 27392K, reserved 28032K

Card table byte_map: [0x05440000,0x05550000] byte_map_base: 0x05415000

Polling page: 0x016f0000

CodeCache: size=32768Kb used=2576Kb max_used=5286Kb free=30191Kb
 bounds [0x03440000, 0x03970000, 0x05440000]
 total_blobs=1504 nmethods=1203 adapters=230
 compilation: enabled

Compilation events (10 events):
Event: 14693.254 Thread 0x25ddd000 31589             com.sun.java.swing.plaf.windows.AnimationController::triggerAnimation (121 bytes)
Event: 14693.254 Thread 0x25ddd000 nmethod 31589 0x037110c8 code [0x03711260, 0x03711848]
Event: 14696.055 Thread 0x25ddd000 31590             java.util.jar.Manifest$FastInputStream::readLine (167 bytes)
Event: 14696.056 Thread 0x25ddd000 nmethod 31590 0x0351f848 code [0x0351f960, 0x0351fba8]
Event: 14696.061 Thread 0x25ddd000 31591             java.lang.String::replace (127 bytes)
Event: 14696.062 Thread 0x25ddd000 nmethod 31591 0x0371a1c8 code [0x0371a2e0, 0x0371a560]
Event: 14696.062 Thread 0x25ddd000 31592             sun.awt.SunToolkit::isInstanceOf (71 bytes)
Event: 14696.063 Thread 0x25ddd000 nmethod 31592 0x0370f808 code [0x0370f960, 0x0370fb54]
Event: 14696.064 Thread 0x25ddd000 31593             sun.misc.MetaIndex::mayContain (51 bytes)
Event: 14696.065 Thread 0x25ddd000 nmethod 31593 0x038d6788 code [0x038d68b0, 0x038d6a28]

GC Heap History (10 events):
Event: 12911.775 GC heap before
{Heap before GC invocations=129 (full 10):
 def new generation   total 129216K, used 4040K [0x05600000, 0x0e230000, 0x100a0000)
  eden space 114880K,   0% used [0x05600000, 0x056641e0, 0x0c630000)
  from space 14336K,  25% used [0x0c630000, 0x0c9bdfa8, 0x0d430000)
  to   space 14336K,   0% used [0x0d430000, 0x0d430000, 0x0e230000)
 tenured generation   total 286960K, used 172174K [0x100a0000, 0x218dc000, 0x25600000)
   the space 286960K,  59% used [0x100a0000, 0x1a8c3970, 0x1a8c3a00, 0x218dc000)
 Metaspace       used 26719K, capacity 27279K, committed 27392K, reserved 28032K
Event: 12911.776 GC heap after
Heap after GC invocations=130 (full 10):
 def new generation   total 129216K, used 921K [0x05600000, 0x0e230000, 0x100a0000)
  eden space 114880K,   0% used [0x05600000, 0x05600000, 0x0c630000)
  from space 14336K,   6% used [0x0d430000, 0x0d516468, 0x0e230000)
  to   space 14336K,   0% used [0x0c630000, 0x0c630000, 0x0d430000)
 tenured generation   total 286960K, used 172174K [0x100a0000, 0x218dc000, 0x25600000)
   the space 286960K,  59% used [0x100a0000, 0x1a8c3970, 0x1a8c3a00, 0x218dc000)
 Metaspace       used 26719K, capacity 27279K, committed 27392K, reserved 28032K
}
Event: 13220.521 GC heap before
{Heap before GC invocations=130 (full 10):
 def new generation   total 129216K, used 115801K [0x05600000, 0x0e230000, 0x100a0000)
  eden space 114880K, 100% used [0x05600000, 0x0c630000, 0x0c630000)
  from space 14336K,   6% used [0x0d430000, 0x0d516468, 0x0e230000)
  to   space 14336K,   0% used [0x0c630000, 0x0c630000, 0x0d430000)
 tenured generation   total 286960K, used 172174K [0x100a0000, 0x218dc000, 0x25600000)
   the space 286960K,  59% used [0x100a0000, 0x1a8c3970, 0x1a8c3a00, 0x218dc000)
 Metaspace       used 26719K, capacity 27279K, committed 27392K, reserved 28032K
Event: 13220.537 GC heap after
Heap after GC invocations=131 (full 10):
 def new generation   total 129216K, used 4745K [0x05600000, 0x0e230000, 0x100a0000)
  eden space 114880K,   0% used [0x05600000, 0x05600000, 0x0c630000)
  from space 14336K,  33% used [0x0c630000, 0x0cad2598, 0x0d430000)
  to   space 14336K,   0% used [0x0d430000, 0x0d430000, 0x0e230000)
 tenured generation   total 286960K, used 172174K [0x100a0000, 0x218dc000, 0x25600000)
   the space 286960K,  59% used [0x100a0000, 0x1a8c3970, 0x1a8c3a00, 0x218dc000)
 Metaspace       used 26719K, capacity 27279K, committed 27392K, reserved 28032K
}
Event: 13556.986 GC heap before
{Heap before GC invocations=131 (full 10):
 def new generation   total 129216K, used 119625K [0x05600000, 0x0e230000, 0x100a0000)
  eden space 114880K, 100% used [0x05600000, 0x0c630000, 0x0c630000)
  from space 14336K,  33% used [0x0c630000, 0x0cad2598, 0x0d430000)
  to   space 14336K,   0% used [0x0d430000, 0x0d430000, 0x0e230000)
 tenured generation   total 286960K, used 172174K [0x100a0000, 0x218dc000, 0x25600000)
   the space 286960K,  59% used [0x100a0000, 0x1a8c3970, 0x1a8c3a00, 0x218dc000)
 Metaspace       used 26721K, capacity 27281K, committed 27392K, reserved 28032K
Event: 13557.005 GC heap after
Heap after GC invocations=132 (full 10):
 def new generation   total 129216K, used 6222K [0x05600000, 0x0e230000, 0x100a0000)
  eden space 114880K,   0% used [0x05600000, 0x05600000, 0x0c630000)
  from space 14336K,  43% used [0x0d430000, 0x0da43a80, 0x0e230000)
  to   space 14336K,   0% used [0x0c630000, 0x0c630000, 0x0d430000)
 tenured generation   total 286960K, used 172174K [0x100a0000, 0x218dc000, 0x25600000)
   the space 286960K,  59% used [0x100a0000, 0x1a8c3970, 0x1a8c3a00, 0x218dc000)
 Metaspace       used 26721K, capacity 27281K, committed 27392K, reserved 28032K
}
Event: 13880.470 GC heap before
{Heap before GC invocations=132 (full 10):
 def new generation   total 129216K, used 121102K [0x05600000, 0x0e230000, 0x100a0000)
  eden space 114880K, 100% used [0x05600000, 0x0c630000, 0x0c630000)
  from space 14336K,  43% used [0x0d430000, 0x0da43a80, 0x0e230000)
  to   space 14336K,   0% used [0x0c630000, 0x0c630000, 0x0d430000)
 tenured generation   total 286960K, used 172174K [0x100a0000, 0x218dc000, 0x25600000)
   the space 286960K,  59% used [0x100a0000, 0x1a8c3970, 0x1a8c3a00, 0x218dc000)
 Metaspace       used 26721K, capacity 27281K, committed 27392K, reserved 28032K
Event: 13880.485 GC heap after
Heap after GC invocations=133 (full 10):
 def new generation   total 129216K, used 5710K [0x05600000, 0x0e230000, 0x100a0000)
  eden space 114880K,   0% used [0x05600000, 0x05600000, 0x0c630000)
  from space 14336K,  39% used [0x0c630000, 0x0cbc3910, 0x0d430000)
  to   space 14336K,   0% used [0x0d430000, 0x0d430000, 0x0e230000)
 tenured generation   total 286960K, used 172174K [0x100a0000, 0x218dc000, 0x25600000)
   the space 286960K,  59% used [0x100a0000, 0x1a8c3970, 0x1a8c3a00, 0x218dc000)
 Metaspace       used 26721K, capacity 27281K, committed 27392K, reserved 28032K
}
Event: 14270.135 GC heap before
{Heap before GC invocations=133 (full 10):
 def new generation   total 129216K, used 120590K [0x05600000, 0x0e230000, 0x100a0000)
  eden space 114880K, 100% used [0x05600000, 0x0c630000, 0x0c630000)
  from space 14336K,  39% used [0x0c630000, 0x0cbc3910, 0x0d430000)
  to   space 14336K,   0% used [0x0d430000, 0x0d430000, 0x0e230000)
 tenured generation   total 286960K, used 172174K [0x100a0000, 0x218dc000, 0x25600000)
   the space 286960K,  59% used [0x100a0000, 0x1a8c3970, 0x1a8c3a00, 0x218dc000)
 Metaspace       used 26721K, capacity 27281K, committed 27392K, reserved 28032K
Event: 14270.150 GC heap after
Heap after GC invocations=134 (full 10):
 def new generation   total 129216K, used 4349K [0x05600000, 0x0e230000, 0x100a0000)
  eden space 114880K,   0% used [0x05600000, 0x05600000, 0x0c630000)
  from space 14336K,  30% used [0x0d430000, 0x0d86f470, 0x0e230000)
  to   space 14336K,   0% used [0x0c630000, 0x0c630000, 0x0d430000)
 tenured generation   total 286960K, used 172174K [0x100a0000, 0x218dc000, 0x25600000)
   the space 286960K,  59% used [0x100a0000, 0x1a8c3970, 0x1a8c3a00, 0x218dc000)
 Metaspace       used 26721K, capacity 27281K, committed 27392K, reserved 28032K
}

Deoptimization events (0 events):
No events

Classes redefined (0 events):
No events

Internal exceptions (10 events):
Event: 14625.708 Thread 0x27cde000 Exception <a 'sun/nio/fs/WindowsException'> (0x0a826c48) thrown at [C:\workspace\8-2-build-windows-i586-cygwin\jdk8u191\11896\hotspot\src\share\vm\prims\jni.cpp, line 709]
Event: 14625.708 Thread 0x27cde000 Exception <a 'sun/nio/fs/WindowsException'> (0x0a827250) thrown at [C:\workspace\8-2-build-windows-i586-cygwin\jdk8u191\11896\hotspot\src\share\vm\prims\jni.cpp, line 709]
Event: 14625.709 Thread 0x27cde000 Exception <a 'sun/nio/fs/WindowsException'> (0x0a831f98) thrown at [C:\workspace\8-2-build-windows-i586-cygwin\jdk8u191\11896\hotspot\src\share\vm\prims\jni.cpp, line 709]
Event: 14625.709 Thread 0x27cde000 Exception <a 'sun/nio/fs/WindowsException'> (0x0a8325a0) thrown at [C:\workspace\8-2-build-windows-i586-cygwin\jdk8u191\11896\hotspot\src\share\vm\prims\jni.cpp, line 709]
Event: 14625.714 Thread 0x27cde000 Exception <a 'sun/nio/fs/WindowsException'> (0x0a8a6708) thrown at [C:\workspace\8-2-build-windows-i586-cygwin\jdk8u191\11896\hotspot\src\share\vm\prims\jni.cpp, line 709]
Event: 14625.714 Thread 0x27cde000 Exception <a 'sun/nio/fs/WindowsException'> (0x0a8a6c88) thrown at [C:\workspace\8-2-build-windows-i586-cygwin\jdk8u191\11896\hotspot\src\share\vm\prims\jni.cpp, line 709]
Event: 14625.715 Thread 0x27cde000 Exception <a 'sun/nio/fs/WindowsException'> (0x0a8b8578) thrown at [C:\workspace\8-2-build-windows-i586-cygwin\jdk8u191\11896\hotspot\src\share\vm\prims\jni.cpp, line 709]
Event: 14625.715 Thread 0x27cde000 Exception <a 'sun/nio/fs/WindowsException'> (0x0a8b8af8) thrown at [C:\workspace\8-2-build-windows-i586-cygwin\jdk8u191\11896\hotspot\src\share\vm\prims\jni.cpp, line 709]
Event: 14625.718 Thread 0x27cde000 Exception <a 'sun/nio/fs/WindowsException'> (0x0a8d6e98) thrown at [C:\workspace\8-2-build-windows-i586-cygwin\jdk8u191\11896\hotspot\src\share\vm\prims\jni.cpp, line 709]
Event: 14625.718 Thread 0x27cde000 Exception <a 'sun/nio/fs/WindowsException'> (0x0a8d7468) thrown at [C:\workspace\8-2-build-windows-i586-cygwin\jdk8u191\11896\hotspot\src\share\vm\prims\jni.cpp, line 709]

Events (10 events):
Event: 14696.063 Thread 0x25ddd000 flushing nmethod 0x0372dd08
Event: 14696.063 Thread 0x25ddd000 flushing nmethod 0x0384ef88
Event: 14696.063 Thread 0x25ddd000 flushing nmethod 0x0386d388
Event: 14696.063 Thread 0x25ddd000 flushing nmethod 0x038bde48
Event: 14696.063 loading class org/fife/ui/rtextarea/ClipboardHistoryPopup$EscapeAction
Event: 14696.063 loading class org/fife/ui/rtextarea/ClipboardHistoryPopup$EscapeAction done
Event: 14696.064 loading class org/fife/ui/rtextarea/ClipboardHistoryPopup$Listener$1
Event: 14696.064 loading class org/fife/ui/rtextarea/ClipboardHistoryPopup$Listener$1 done
Event: 14696.064 loading class org/fife/ui/rtextarea/ClipboardHistoryPopup$Listener$2
Event: 14696.064 loading class org/fife/ui/rtextarea/ClipboardHistoryPopup$Listener$2 done


Dynamic libraries:
0x00c20000 - 0x00c53000 	C:\Program Files (x86)\Arduino\java\bin\javaw.exe
0x77630000 - 0x777d3000 	C:\Windows\SYSTEM32\ntdll.dll
0x76980000 - 0x76a70000 	C:\Windows\System32\KERNEL32.DLL
0x76d40000 - 0x76f54000 	C:\Windows\System32\KERNELBASE.dll
0x77460000 - 0x774db000 	C:\Windows\System32\ADVAPI32.dll
0x773a0000 - 0x7745f000 	C:\Windows\System32\msvcrt.dll
0x76c50000 - 0x76cc6000 	C:\Windows\System32\sechost.dll
0x772e0000 - 0x7739e000 	C:\Windows\System32\RPCRT4.dll
0x76f60000 - 0x77100000 	C:\Windows\System32\USER32.dll
0x76c30000 - 0x76c48000 	C:\Windows\System32\win32u.dll
0x75c50000 - 0x75c74000 	C:\Windows\System32\GDI32.dll
0x75f10000 - 0x75fee000 	C:\Windows\System32\gdi32full.dll
0x75ff0000 - 0x7606b000 	C:\Windows\System32\msvcp_win.dll
0x76860000 - 0x76980000 	C:\Windows\System32\ucrtbase.dll
0x73f40000 - 0x74150000 	C:\Windows\WinSxS\x86_microsoft.windows.common-controls_6595b64144ccf1df_6.0.19041.1110_none_a8625c1886757984\COMCTL32.dll
0x76770000 - 0x76795000 	C:\Windows\System32\IMM32.DLL
0x73430000 - 0x734ef000 	C:\Program Files (x86)\Arduino\java\bin\msvcr100.dll
0x73050000 - 0x73423000 	C:\Program Files (x86)\Arduino\java\bin\client\jvm.dll
0x76070000 - 0x76076000 	C:\Windows\System32\PSAPI.DLL
0x753b0000 - 0x753b8000 	C:\Windows\SYSTEM32\WSOCK32.dll
0x753a0000 - 0x753a8000 	C:\Windows\SYSTEM32\VERSION.dll
0x73020000 - 0x73048000 	C:\Windows\SYSTEM32\WINMM.dll
0x75be0000 - 0x75c43000 	C:\Windows\System32\WS2_32.dll
0x72ff0000 - 0x73020000 	C:\Program Files (x86)\Arduino\java\bin\splashscreen.dll
0x72fe0000 - 0x72fec000 	C:\Program Files (x86)\Arduino\java\bin\verify.dll
0x72fb0000 - 0x72fd2000 	C:\Program Files (x86)\Arduino\java\bin\java.dll
0x73a50000 - 0x73ac4000 	C:\Windows\system32\uxtheme.dll
0x75c80000 - 0x75f01000 	C:\Windows\System32\combase.dll
0x76080000 - 0x76154000 	C:\Windows\System32\MSCTF.dll
0x774e0000 - 0x77576000 	C:\Windows\System32\OLEAUT32.dll
0x72f90000 - 0x72fa4000 	C:\Program Files (x86)\Arduino\java\bin\zip.dll
0x74df0000 - 0x74dff000 	C:\Windows\SYSTEM32\kernel.appcore.dll
0x76800000 - 0x7685f000 	C:\Windows\System32\bcryptPrimitives.dll
0x72ed0000 - 0x72f89000 	C:\Windows\SYSTEM32\textinputframework.dll
0x72bb0000 - 0x72c4b000 	C:\Windows\System32\CoreMessaging.dll
0x72c50000 - 0x72ece000 	C:\Windows\System32\CoreUIComponents.dll
0x75b50000 - 0x75bd7000 	C:\Windows\System32\SHCORE.dll
0x739f0000 - 0x73a19000 	C:\Windows\SYSTEM32\ntmarta.dll
0x72ad0000 - 0x72bab000 	C:\Windows\SYSTEM32\wintypes.dll
0x761b0000 - 0x76766000 	C:\Windows\System32\SHELL32.dll
0x74620000 - 0x74c2c000 	C:\Windows\SYSTEM32\windows.storage.dll
0x745f0000 - 0x74615000 	C:\Windows\SYSTEM32\Wldp.dll
0x76160000 - 0x761a5000 	C:\Windows\System32\shlwapi.dll
0x74d50000 - 0x74d68000 	C:\Windows\SYSTEM32\profapi.dll
0x61940000 - 0x619b3000 	C:\Program Files (x86)\Arduino\lib\listSerialsj.dll
0x75710000 - 0x75b4c000 	C:\Windows\System32\SETUPAPI.dll
0x77580000 - 0x775bb000 	C:\Windows\System32\cfgmgr32.dll
0x76a80000 - 0x76a99000 	C:\Windows\System32\bcrypt.dll
0x72ab0000 - 0x72acd000 	C:\Program Files (x86)\Arduino\lib\jnidispatch-4.2.2-win32-x86.dll
0x77180000 - 0x77263000 	C:\Windows\System32\Ole32.dll
0x72a90000 - 0x72aa5000 	C:\Program Files (x86)\Arduino\java\bin\net.dll
0x753c0000 - 0x75412000 	C:\Windows\system32\mswsock.dll
0x72a80000 - 0x72a8f000 	C:\Program Files (x86)\Arduino\java\bin\nio.dll
0x72930000 - 0x72a77000 	C:\Program Files (x86)\Arduino\java\bin\awt.dll
0x73500000 - 0x7359f000 	C:\Windows\SYSTEM32\apphelp.dll
0x72900000 - 0x72926000 	C:\Windows\system32\DWMAPI.DLL
0x728c0000 - 0x728f9000 	C:\Program Files (x86)\Arduino\java\bin\fontmanager.dll
0x727b0000 - 0x728b3000 	C:\Windows\system32\opengl32.dll
0x72770000 - 0x727af000 	C:\Windows\SYSTEM32\GLU32.dll
0x72730000 - 0x72762000 	C:\Program Files (x86)\Arduino\java\bin\t2k.dll
0x72710000 - 0x72721000 	C:\Windows\system32\napinsp.dll
0x726f0000 - 0x72706000 	C:\Windows\system32\pnrpnsp.dll
0x726e0000 - 0x726f0000 	C:\Windows\system32\wshbth.dll
0x726c0000 - 0x726d6000 	C:\Windows\system32\NLAapi.dll
0x74f00000 - 0x74f32000 	C:\Windows\SYSTEM32\IPHLPAPI.DLL
0x72620000 - 0x726b1000 	C:\Windows\SYSTEM32\DNSAPI.dll
0x772d0000 - 0x772d7000 	C:\Windows\System32\NSI.dll
0x72610000 - 0x7261e000 	C:\Windows\System32\winrnr.dll
0x725e0000 - 0x72601000 	C:\Program Files (x86)\Bonjour\mdnsNSP.dll
0x72580000 - 0x725d8000 	C:\Windows\System32\fwpuclnt.dll
0x72570000 - 0x72578000 	C:\Windows\System32\rasadhlp.dll
0x72550000 - 0x72564000 	C:\Windows\SYSTEM32\dhcpcsvc6.DLL
0x72530000 - 0x72546000 	C:\Windows\SYSTEM32\dhcpcsvc.DLL
0x72520000 - 0x7252a000 	C:\Program Files (x86)\Arduino\java\bin\management.dll
0x74c30000 - 0x74c5b000 	C:\Windows\SYSTEM32\DEVOBJ.dll
0x76cf0000 - 0x76d3e000 	C:\Windows\System32\WINTRUST.dll
0x76b30000 - 0x76c2a000 	C:\Windows\System32\CRYPT32.dll
0x74e00000 - 0x74e0e000 	C:\Windows\SYSTEM32\MSASN1.dll
0x724b0000 - 0x72519000 	C:\Program Files (x86)\Arduino\msvcp100.dll
0x723f0000 - 0x724ae000 	C:\Program Files (x86)\Arduino\msvcr100.dll
0x27420000 - 0x27452000 	C:\Program Files (x86)\Arduino\lib\AStylej.dll
0x723c0000 - 0x723e4000 	C:\Program Files (x86)\Arduino\java\bin\dcpr.dll
0x77100000 - 0x7717e000 	C:\Windows\System32\clbcatq.dll
0x72240000 - 0x723b1000 	C:\Windows\SYSTEM32\WindowsCodecs.dll
0x72200000 - 0x72231000 	C:\Windows\system32\dataexchange.dll
0x71eb0000 - 0x72015000 	C:\Windows\system32\dcomp.dll
0x72020000 - 0x72200000 	C:\Windows\system32\d3d11.dll
0x71de0000 - 0x71ea3000 	C:\Windows\system32\dxgi.dll
0x71c50000 - 0x71ddf000 	C:\Windows\system32\twinapi.appcore.dll
0x71c30000 - 0x71c50000 	C:\Program Files (x86)\Arduino\java\bin\sunec.dll
0x74dd0000 - 0x74de3000 	C:\Windows\SYSTEM32\CRYPTSP.dll
0x74da0000 - 0x74dcf000 	C:\Windows\system32\rsaenh.dll
0x74160000 - 0x74185000 	C:\Windows\SYSTEM32\USERENV.dll
0x74d90000 - 0x74d9a000 	C:\Windows\SYSTEM32\CRYPTBASE.dll
0x71c20000 - 0x71c29000 	C:\Program Files (x86)\Arduino\java\bin\sunmscapi.dll
0x64000000 - 0x6401b000 	C:\Program Files (x86)\Arduino\lib\jSSC-2.8_x86.dll
0x745d0000 - 0x745eb000 	C:\Windows\SYSTEM32\edputil.dll
0x74540000 - 0x745cd000 	C:\Windows\WinSxS\x86_microsoft.windows.common-controls_6595b64144ccf1df_5.82.19041.1110_none_c0da534e38c01f4d\comctl32.dll
0x74470000 - 0x74532000 	C:\Windows\system32\propsys.dll
0x74450000 - 0x74463000 	C:\Windows\system32\NetworkExplorer.dll
0x74400000 - 0x74448000 	C:\Windows\System32\thumbcache.dll
0x743e0000 - 0x743f9000 	C:\Windows\SYSTEM32\MPR.dll
0x743c0000 - 0x743d5000 	C:\Windows\System32\p9np.dll
0x743b0000 - 0x743b9000 	C:\Windows\System32\drprov.dll
0x74360000 - 0x743a7000 	C:\Windows\System32\WINSTA.dll
0x74340000 - 0x74359000 	C:\Windows\System32\ntlanman.dll
0x74320000 - 0x74339000 	C:\Windows\System32\davclnt.dll
0x74310000 - 0x7431a000 	C:\Windows\System32\DAVHLPR.dll
0x742f0000 - 0x74301000 	C:\Windows\System32\wkscli.dll
0x742e0000 - 0x742ee000 	C:\Windows\SYSTEM32\cscapi.dll
0x742d0000 - 0x742db000 	C:\Windows\System32\netutils.dll
0x74280000 - 0x742c3000 	C:\Windows\System32\dlnashext.dll
0x74230000 - 0x74279000 	C:\Windows\System32\PlayToDevice.dll
0x74210000 - 0x7422b000 	C:\Windows\System32\DevDispItemProvider.dll
0x741a0000 - 0x7420b000 	C:\Windows\System32\MMDevApi.dll
0x73eb0000 - 0x73f3b000 	C:\Windows\system32\wpdshext.dll
0x73d40000 - 0x73ea9000 	C:\Windows\WinSxS\x86_microsoft.windows.gdiplus_6595b64144ccf1df_1.1.19041.1466_none_d951c753e1040cbe\gdiplus.dll
0x73cb0000 - 0x73d33000 	C:\Windows\System32\PortableDeviceApi.dll
0x73c70000 - 0x73cb0000 	C:\Windows\system32\audiodev.dll
0x737e0000 - 0x739ed000 	C:\Windows\system32\WMVCore.DLL
0x73c30000 - 0x73c6d000 	C:\Windows\system32\WMASF.DLL
0x73b20000 - 0x73c26000 	C:\Windows\system32\mfperfhelper.dll
0x74190000 - 0x7419b000 	C:\Windows\SYSTEM32\LINKINFO.dll
0x74150000 - 0x7415a000 	C:\Windows\SYSTEM32\Secur32.dll
0x73af0000 - 0x73b11000 	C:\Windows\SYSTEM32\SSPICLI.DLL
0x754f0000 - 0x7559f000 	C:\Windows\System32\COMDLG32.dll
0x73750000 - 0x737d3000 	C:\Program Files (x86)\Common Files\microsoft shared\ink\tiptsf.dll
0x736b0000 - 0x73744000 	C:\Windows\SYSTEM32\TextShaping.dll

VM Arguments:
jvm_args: -Dsun.java2d.d3d=false -Djna.nosys=true -Djna.nounpack=true -Djna.boot.library.name=jnidispatch-4.2.2-win32-x86 -Djna.boot.library.path=C:\Program Files (x86)\Arduino/lib -Djssc.library.path=C:\Program Files (x86)\Arduino/lib -DAPP_DIR=C:\Program Files (x86)\Arduino -Xms128M -Xmx512M -Dfile.encoding=UTF8 -Djava.net.preferIPv4Stack=true 
java_command: processing.app.Base C:\Users\emreb\Desktop\cat_food_new\cat_food_new.ino
java_class_path (initial): C:\Program Files (x86)\Arduino\lib\apple.jar;C:\Program Files (x86)\Arduino\lib\arduino-core.jar;C:\Program Files (x86)\Arduino\lib\batik-1.8.jar;C:\Program Files (x86)\Arduino\lib\batik-anim-1.8.jar;C:\Program Files (x86)\Arduino\lib\batik-awt-util-1.8.jar;C:\Program Files (x86)\Arduino\lib\batik-bridge-1.8.jar;C:\Program Files (x86)\Arduino\lib\batik-codec-1.8.jar;C:\Program Files (x86)\Arduino\lib\batik-css-1.8.jar;C:\Program Files (x86)\Arduino\lib\batik-dom-1.8.jar;C:\Program Files (x86)\Arduino\lib\batik-ext-1.8.jar;C:\Program Files (x86)\Arduino\lib\batik-gvt-1.8.jar;C:\Program Files (x86)\Arduino\lib\batik-parser-1.8.jar;C:\Program Files (x86)\Arduino\lib\batik-rasterizer-1.8.jar;C:\Program Files (x86)\Arduino\lib\batik-script-1.8.jar;C:\Program Files (x86)\Arduino\lib\batik-squiggle-1.8.jar;C:\Program Files (x86)\Arduino\lib\batik-svg-dom-1.8.jar;C:\Program Files (x86)\Arduino\lib\batik-svgpp-1.8.jar;C:\Program Files (x86)\Arduino\lib\batik-transcoder-1.8.jar;C:\Program Files (x86)\Arduino\lib\batik-util-1.8.jar;C:\Program Files (x86)\Arduino\lib\batik-xml-1.8.jar;C:\Program Files (x86)\Arduino\lib\bcpg-jdk15on-152.jar;C:\Program Files (x86)\Arduino\lib\bcprov-jdk15on-152.jar;C:\Program Files (x86)\Arduino\lib\commons-codec-1.7.jar;C:\Program Files (x86)\Arduino\lib\commons-compress-1.8.jar;C:\Program Files (x86)\Arduino\lib\commons-exec-1.1.jar;C:\Program Files (x86)\Arduino\lib\commons-httpclient-3.1.jar;C:\Program Files (x86)\Arduino\lib\commons-lang3-3.8.1.jar;C:\Program Files (x86)\Arduino\lib\commons-logging-1.0.4.jar;C:\Program Files (x86)\Arduino\lib\commons-net-3.3.jar;C:\Program Files (x86)\Arduino\lib\commons-io-2.6.jar;C:\Program Files (x86)\Arduino\lib\jackson-annotations-2.9.5.jar;C:\Program Files (x86)\Arduino\lib\jackson-core-2.9.5.jar;C:\Program Files (x86)\Arduino\lib\jackson-databind-2.9.5.jar;C:\Program Files (x86)\Arduino\lib\java-semver-0.8.0.jar;C:\Program Files (x86)\Arduino\lib\jmdns-3.5.5.jar;C:\Program
Launcher Type: SUN_STANDARD

Environment Variables:
PATH=C:\Program Files (x86)\NVIDIA Corporation\PhysX\Common;C:\Windows\system32;C:\Windows;C:\Windows\System32\Wbem;C:\Windows\System32\WindowsPowerShell\v1.0\;C:\Windows\System32\OpenSSH\;C:\Program Files\Microsoft SQL Server\Client SDK\ODBC\110\Tools\Binn\;C:\Program Files (x86)\Microsoft SQL Server\120\Tools\Binn\;C:\Program Files\Microsoft SQL Server\120\Tools\Binn\;C:\Program Files\Microsoft SQL Server\120\DTS\Binn\;C:\Program Files (x86)\Windows Kits\8.1\Windows Performance Toolkit\;C:\Program Files\Git\cmd;C:\Program Files\nodejs\;C:\Program Files\Microsoft VS Code\bin;C:\Users\emreb\AppData\Local\Microsoft\WindowsApps;C:\Users\emreb\AppData\Roaming\npm;C:\Program Files (x86)\Arduino\java\bin
USERNAME=emreb
OS=Windows_NT
PROCESSOR_IDENTIFIER=Intel64 Family 6 Model 158 Stepping 10, GenuineIntel



---------------  S Y S T E M  ---------------

OS: Windows 10.0 , 64 bit Build 19041 (10.0.19041.1503)

CPU:total 6 (initial active 6) (6 cores per cpu, 1 threads per core) family 6 model 158 stepping 10, cmov, cx8, fxsr, mmx, sse, sse2, sse3, ssse3, sse4.1, sse4.2, popcnt, avx, avx2, aes, clmul, erms, rtm, 3dnowpref, lzcnt, tsc, tscinvbit, bmi1, bmi2, adx

Memory: 4k page, physical 25041068k(14276484k free), swap 28711084k(14187348k free)

vm_info: Java HotSpot(TM) Client VM (25.191-b12) for windows-x86 JRE (1.8.0_191-b12), built on Oct  6 2018 08:34:23 by "java_re" with MS VC++ 10.0 (VS2010)

time: Mon Mar 07 20:47:09 2022
elapsed time: 14697 seconds (0d 4h 4m 57s)

